<?xml version="1.0" encoding="UTF-8"?>
<testsuite name="com.herokuapp.booker.bookinginfo.BookingDeleteRequest" time="0.5" tests="1" errors="0" skipped="0" failures="1">
  <properties>
[...]
</properties>
  <testcase name="deleteBooking" classname="com.herokuapp.booker.bookinginfo.BookingDeleteRequest" time="0.5">
    <failure message="1 expectation failed.&#10;Expected status code &lt;201&gt; but was &lt;403&gt;.&#10;" type="java.lang.AssertionError"><![CDATA[java.lang.AssertionError: 1 expectation failed.
Expected status code <201> but was <403>.

	at sun.reflect.NativeConstructorAccessorImpl.newInstance0(Native Method)
	at sun.reflect.NativeConstructorAccessorImpl.newInstance(NativeConstructorAccessorImpl.java:62)
	at sun.reflect.DelegatingConstructorAccessorImpl.newInstance(DelegatingConstructorAccessorImpl.java:45)
	at java.lang.reflect.Constructor.newInstance(Constructor.java:423)
	at org.codehaus.groovy.reflection.CachedConstructor.invoke(CachedConstructor.java:83)
	at org.codehaus.groovy.reflection.CachedConstructor.doConstructorInvoke(CachedConstructor.java:77)
	at org.codehaus.groovy.runtime.callsite.ConstructorSite$ConstructorSiteNoUnwrap.callConstructor(ConstructorSite.java:84)
	at org.codehaus.groovy.runtime.callsite.CallSiteArray.defaultCallConstructor(CallSiteArray.java:60)
	at org.codehaus.groovy.runtime.callsite.AbstractCallSite.callConstructor(AbstractCallSite.java:235)
	at org.codehaus.groovy.runtime.callsite.AbstractCallSite.callConstructor(AbstractCallSite.java:247)
	at io.restassured.internal.ResponseSpecificationImpl$HamcrestAssertionClosure.validate(ResponseSpecificationImpl.groovy:471)
	at io.restassured.internal.ResponseSpecificationImpl$HamcrestAssertionClosure$validate$1.call(Unknown Source)
	at io.restassured.internal.ResponseSpecificationImpl.validateResponseIfRequired(ResponseSpecificationImpl.groovy:636)
	at sun.reflect.NativeMethodAccessorImpl.invoke0(Native Method)
	at sun.reflect.NativeMethodAccessorImpl.invoke(NativeMethodAccessorImpl.java:62)
	at sun.reflect.DelegatingMethodAccessorImpl.invoke(DelegatingMethodAccessorImpl.java:43)
	at java.lang.reflect.Method.invoke(Method.java:498)
	at org.codehaus.groovy.runtime.callsite.PogoMetaMethodSite$PogoCachedMethodSiteNoUnwrapNoCoerce.invoke(PogoMetaMethodSite.java:210)
	at org.codehaus.groovy.runtime.callsite.PogoMetaMethodSite.callCurrent(PogoMetaMethodSite.java:59)
	at org.codehaus.groovy.runtime.callsite.AbstractCallSite.callCurrent(AbstractCallSite.java:166)
	at io.restassured.internal.ResponseSpecificationImpl.statusCode(ResponseSpecificationImpl.groovy:122)
	at io.restassured.specification.ResponseSpecification$statusCode$0.callCurrent(Unknown Source)
	at io.restassured.internal.ResponseSpecificationImpl.statusCode(ResponseSpecificationImpl.groovy:130)
	at io.restassured.internal.ValidatableResponseOptionsImpl.statusCode(ValidatableResponseOptionsImpl.java:117)
	at com.herokuapp.booker.bookinginfo.BookingDeleteRequest.deleteBooking(BookingDeleteRequest.java:24)
]]></failure>
    <system-out><![CDATA[Request method:	DELETE
Request URI:	https://restful-booker.herokuapp.com/booking/10
Proxy:			<none>
Request params:	<none>
Query params:	<none>
Form params:	<none>
Path params:	bookingId=10
Multiparts:		<none>
Headers:		Cookie={{token}}
				Accept=*/*
				Content-Type=application/json; charset=UTF-8
Cookies:		<none>
Body:			<none>
]]></system-out>
    <system-err><![CDATA[18226 [main] INFO net.serenitybdd.core.Serenity - 
        __    _____ _____ ____ _____   ____   _    ____  ____  _____ ____  
  _     \ \  |_   _| ____/ ___|_   _| |  _ \ / \  / ___|/ ___|| ____|  _ \ 
 (_)_____| |   | | |  _| \___ \ | |   | |_) / _ \ \___ \\___ \|  _| | | | |
  _|_____| |   | | | |___ ___) || |   |  __/ ___ \ ___) |___) | |___| |_| |
 (_)     | |   |_| |_____|____/ |_|   |_| /_/   \_\____/|____/|_____|____/ 
        /_/                                                                

TEST PASSED: Delete the newly created record with ID
----------------------------------------------------------------------------
18255 [pool-3-thread-1] INFO net.thucydides.core.reports.json.JSONTestOutcomeReporter - Generating JSON report for Extracting a List of Ids before creating new record to file C:\Users\kaush\IdeaProjects\Restful-Booker-week-19\target\site\serenity\ff54a860ad9ccb24df241b7f268ba008dc8f2101ac9265645d416c03cb4ff360.json (using temp file C:\Users\kaush\IdeaProjects\Restful-Booker-week-19\target\site\serenity\ff54a860ad9ccb24df241b7f268ba008dc8f2101ac9265645d416c03cb4ff360.jsonaa7a62a0-1fef-4183-a25d-662eb27aed52)
18260 [pool-3-thread-2] INFO net.thucydides.core.reports.json.JSONTestOutcomeReporter - Generating JSON report for Creating a new booking using POST method to file C:\Users\kaush\IdeaProjects\Restful-Booker-week-19\target\site\serenity\bc4b336949d26823541a6a5fe7bbadf06ac3201e66929eb33d9d9f5cc0c07e12.json (using temp file C:\Users\kaush\IdeaProjects\Restful-Booker-week-19\target\site\serenity\bc4b336949d26823541a6a5fe7bbadf06ac3201e66929eb33d9d9f5cc0c07e12.json8b14c550-5ad0-437b-9289-3080496abe2a)
18261 [pool-3-thread-4] INFO net.thucydides.core.reports.json.JSONTestOutcomeReporter - Generating JSON report for Updating the newly created record with ID and verifying it by extracting id with updated firstname as query parameter to file C:\Users\kaush\IdeaProjects\Restful-Booker-week-19\target\site\serenity\eda764ebd9c5d8195abab95b45f378898e9b1b0a394ac00a3d9da136804657d0.json (using temp file C:\Users\kaush\IdeaProjects\Restful-Booker-week-19\target\site\serenity\eda764ebd9c5d8195abab95b45f378898e9b1b0a394ac00a3d9da136804657d0.jsonf270e51d-15d1-4583-ad2f-9841c1d09fda)
18261 [pool-3-thread-3] INFO net.thucydides.core.reports.json.JSONTestOutcomeReporter - Generating JSON report for Extracting ID and Finding the new booking by id to verify if it exists in the application to file C:\Users\kaush\IdeaProjects\Restful-Booker-week-19\target\site\serenity\6adfe473ee283761166a8c6922c9f6229081bcc41b07336ec48de7618dd5d8aa.json (using temp file C:\Users\kaush\IdeaProjects\Restful-Booker-week-19\target\site\serenity\6adfe473ee283761166a8c6922c9f6229081bcc41b07336ec48de7618dd5d8aa.json014c593d-9a2e-4347-8865-f69a5b1076d8)
18280 [pool-3-thread-2] INFO net.thucydides.core.reports.json.JSONTestOutcomeReporter - Generating JSON report for Delete the newly created record with ID to file C:\Users\kaush\IdeaProjects\Restful-Booker-week-19\target\site\serenity\4b09d23ed07c2bc1861bd6a2b16c1b4a3da66eaeb600d5322a222a98a8429e14.json (using temp file C:\Users\kaush\IdeaProjects\Restful-Booker-week-19\target\site\serenity\4b09d23ed07c2bc1861bd6a2b16c1b4a3da66eaeb600d5322a222a98a8429e14.json96016b43-f95e-4327-9950-ced24500af54)
18299 [pool-4-thread-1] INFO net.thucydides.core.reports.html.HtmlAcceptanceTestReporter - GENERATING HTML REPORT FOR Booking crud test:test001 in ff54a860ad9ccb24df241b7f268ba008dc8f2101ac9265645d416c03cb4ff360.html in directory target\site\serenity  
18306 [pool-4-thread-3] INFO net.thucydides.core.reports.html.HtmlAcceptanceTestReporter - GENERATING HTML REPORT FOR Booking crud test:test003 in 6adfe473ee283761166a8c6922c9f6229081bcc41b07336ec48de7618dd5d8aa.html in directory target\site\serenity  
18309 [pool-4-thread-4] INFO net.thucydides.core.reports.html.HtmlAcceptanceTestReporter - GENERATING HTML REPORT FOR Booking crud test:test004 in eda764ebd9c5d8195abab95b45f378898e9b1b0a394ac00a3d9da136804657d0.html in directory target\site\serenity  
18316 [pool-4-thread-2] INFO net.thucydides.core.reports.html.HtmlAcceptanceTestReporter - GENERATING HTML REPORT FOR Booking crud test:test002 in bc4b336949d26823541a6a5fe7bbadf06ac3201e66929eb33d9d9f5cc0c07e12.html in directory target\site\serenity  
18350 [pool-4-thread-1] INFO net.thucydides.core.reports.html.HtmlAcceptanceTestReporter - GENERATING HTML REPORT FOR Booking crud test:test005 in 4b09d23ed07c2bc1861bd6a2b16c1b4a3da66eaeb600d5322a222a98a8429e14.html in directory target\site\serenity  
]]></system-err>
  </testcase>
</testsuite>